Arguments: 
  /opt/homebrew/Cellar/node/16.5.0/bin/node /opt/homebrew/Cellar/yarn/1.22.10/libexec/bin/yarn.js install

PATH: 
  /opt/homebrew/bin:/opt/homebrew/sbin:/usr/local/bin:/usr/bin:/bin:/usr/sbin:/sbin:/opt/homebrew/bin:/opt/homebrew/sbin

Yarn version: 
  1.22.10

Node version: 
  16.5.0

Platform: 
  darwin arm64

Trace: 
  SyntaxError: /Users/barsen/Documents/WebDevelopment/ClubRossignolNew/client/package.json: Unexpected string in JSON at position 121
      at JSON.parse (<anonymous>)
      at /opt/homebrew/Cellar/yarn/1.22.10/libexec/lib/cli.js:1625:59
      at Generator.next (<anonymous>)
      at step (/opt/homebrew/Cellar/yarn/1.22.10/libexec/lib/cli.js:310:30)
      at /opt/homebrew/Cellar/yarn/1.22.10/libexec/lib/cli.js:321:13

npm manifest: 
  {
    "name": "landing-clubrossignol",
    "version": "0.1.0",
    "private": true,
    "engines": {
      "node" : "16.5.0"
    }
    "dependencies": {
      "@date-io/date-fns": "^2.11.0",
      "@testing-library/jest-dom": "^5.11.4",
      "@testing-library/react": "^11.1.0",
      "@testing-library/user-event": "^12.1.10",
      "date-fns": "^2.0.0-beta.5",
      "firebase": "^8.10.0",
      "react": "^17.0.2",
      "react-date-range": "^1.3.0",
      "react-dom": "^17.0.2",
      "react-icons": "^4.2.0",
      "react-redux": "^7.2.4",
      "react-router-dom": "^5.2.0",
      "react-scripts": "4.0.3",
      "react-scroll": "^1.8.3",
      "react-select": "^4.3.1",
      "react-uuid": "^1.0.2",
      "redux-logger": "^3.0.6",
      "redux-persist": "^6.0.0",
      "redux-saga": "^1.1.3",
      "reselect": "^4.0.0",
      "sass": "^1.38.0",
      "styled-components": "^5.3.0",
      "typescript": "^4.3.5",
      "web-vitals": "^1.0.1"
    },
    "scripts": {
      "start": "react-scripts start",
      "build": "react-scripts build",
      "test": "react-scripts test",
      "eject": "react-scripts eject"
    },
    "eslintConfig": {
      "extends": [
        "react-app",
        "react-app/jest"
      ]
    },
    "browserslist": {
      "production": [
        ">0.2%",
        "not dead",
        "not op_mini all"
      ],
      "development": [
        "last 1 chrome version",
        "last 1 firefox version",
        "last 1 safari version"
      ]
    }
  }

yarn manifest: 
  No manifest

Lockfile: 
  No lockfile
